{"C:\\Users\\DAW\\Desktop\\ArDe\\ArDe-Back\\controllers\\AuthController.js": {"path":"C:\\Users\\DAW\\Desktop\\ArDe\\ArDe-Back\\controllers\\AuthController.js","statementMap":{"0":{"start":{"line":6,"column":19},"end":{"line":6,"column":34}},"1":{"start":{"line":10,"column":29},"end":{"line":32,"column":1}},"2":{"start":{"line":11,"column":17},"end":{"line":11,"column":19}},"3":{"start":{"line":13,"column":2},"end":{"line":15,"column":3}},"4":{"start":{"line":14,"column":4},"end":{"line":14,"column":75}},"5":{"start":{"line":17,"column":21},"end":{"line":17,"column":49}},"6":{"start":{"line":18,"column":2},"end":{"line":20,"column":3}},"7":{"start":{"line":19,"column":4},"end":{"line":19,"column":55}},"8":{"start":{"line":22,"column":2},"end":{"line":24,"column":3}},"9":{"start":{"line":23,"column":4},"end":{"line":23,"column":65}},"10":{"start":{"line":26,"column":23},"end":{"line":26,"column":45}},"11":{"start":{"line":27,"column":2},"end":{"line":29,"column":3}},"12":{"start":{"line":28,"column":4},"end":{"line":28,"column":77}},"13":{"start":{"line":31,"column":2},"end":{"line":31,"column":16}},"14":{"start":{"line":35,"column":24},"end":{"line":73,"column":1}},"15":{"start":{"line":36,"column":40},"end":{"line":36,"column":48}},"16":{"start":{"line":38,"column":27},"end":{"line":38,"column":78}},"17":{"start":{"line":39,"column":4},"end":{"line":41,"column":5}},"18":{"start":{"line":40,"column":6},"end":{"line":40,"column":75}},"19":{"start":{"line":43,"column":2},"end":{"line":72,"column":3}},"20":{"start":{"line":45,"column":25},"end":{"line":45,"column":70}},"21":{"start":{"line":46,"column":4},"end":{"line":48,"column":5}},"22":{"start":{"line":47,"column":6},"end":{"line":47,"column":80}},"23":{"start":{"line":50,"column":27},"end":{"line":50,"column":58}},"24":{"start":{"line":52,"column":20},"end":{"line":52,"column":99}},"25":{"start":{"line":54,"column":18},"end":{"line":58,"column":5}},"26":{"start":{"line":60,"column":4},"end":{"line":68,"column":7}},"27":{"start":{"line":71,"column":4},"end":{"line":71,"column":60}},"28":{"start":{"line":76,"column":21},"end":{"line":107,"column":1}},"29":{"start":{"line":77,"column":30},"end":{"line":77,"column":38}},"30":{"start":{"line":79,"column":2},"end":{"line":106,"column":3}},"31":{"start":{"line":80,"column":17},"end":{"line":80,"column":124}},"32":{"start":{"line":81,"column":4},"end":{"line":81,"column":82}},"33":{"start":{"line":81,"column":15},"end":{"line":81,"column":82}},"34":{"start":{"line":83,"column":28},"end":{"line":83,"column":73}},"35":{"start":{"line":84,"column":4},"end":{"line":84,"column":93}},"36":{"start":{"line":84,"column":26},"end":{"line":84,"column":93}},"37":{"start":{"line":86,"column":18},"end":{"line":90,"column":5}},"38":{"start":{"line":92,"column":4},"end":{"line":100,"column":7}},"39":{"start":{"line":104,"column":4},"end":{"line":104,"column":44}},"40":{"start":{"line":105,"column":4},"end":{"line":105,"column":53}}},"fnMap":{"0":{"name":"(anonymous_0)","decl":{"start":{"line":10,"column":29},"end":{"line":10,"column":30}},"loc":{"start":{"line":10,"column":64},"end":{"line":32,"column":1}},"line":10},"1":{"name":"(anonymous_1)","decl":{"start":{"line":35,"column":24},"end":{"line":35,"column":25}},"loc":{"start":{"line":35,"column":44},"end":{"line":73,"column":1}},"line":35},"2":{"name":"(anonymous_2)","decl":{"start":{"line":76,"column":21},"end":{"line":76,"column":22}},"loc":{"start":{"line":76,"column":41},"end":{"line":107,"column":1}},"line":76}},"branchMap":{"0":{"loc":{"start":{"line":13,"column":2},"end":{"line":15,"column":3}},"type":"if","locations":[{"start":{"line":13,"column":2},"end":{"line":15,"column":3}},{"start":{},"end":{}}],"line":13},"1":{"loc":{"start":{"line":13,"column":6},"end":{"line":13,"column":63}},"type":"binary-expr","locations":[{"start":{"line":13,"column":6},"end":{"line":13,"column":15}},{"start":{"line":13,"column":19},"end":{"line":13,"column":38}},{"start":{"line":13,"column":42},"end":{"line":13,"column":63}}],"line":13},"2":{"loc":{"start":{"line":18,"column":2},"end":{"line":20,"column":3}},"type":"if","locations":[{"start":{"line":18,"column":2},"end":{"line":20,"column":3}},{"start":{},"end":{}}],"line":18},"3":{"loc":{"start":{"line":18,"column":6},"end":{"line":18,"column":39}},"type":"binary-expr","locations":[{"start":{"line":18,"column":6},"end":{"line":18,"column":12}},{"start":{"line":18,"column":16},"end":{"line":18,"column":39}}],"line":18},"4":{"loc":{"start":{"line":22,"column":2},"end":{"line":24,"column":3}},"type":"if","locations":[{"start":{"line":22,"column":2},"end":{"line":24,"column":3}},{"start":{},"end":{}}],"line":22},"5":{"loc":{"start":{"line":22,"column":6},"end":{"line":22,"column":63}},"type":"binary-expr","locations":[{"start":{"line":22,"column":6},"end":{"line":22,"column":15}},{"start":{"line":22,"column":19},"end":{"line":22,"column":38}},{"start":{"line":22,"column":42},"end":{"line":22,"column":63}}],"line":22},"6":{"loc":{"start":{"line":27,"column":2},"end":{"line":29,"column":3}},"type":"if","locations":[{"start":{"line":27,"column":2},"end":{"line":29,"column":3}},{"start":{},"end":{}}],"line":27},"7":{"loc":{"start":{"line":39,"column":4},"end":{"line":41,"column":5}},"type":"if","locations":[{"start":{"line":39,"column":4},"end":{"line":41,"column":5}},{"start":{},"end":{}}],"line":39},"8":{"loc":{"start":{"line":46,"column":4},"end":{"line":48,"column":5}},"type":"if","locations":[{"start":{"line":46,"column":4},"end":{"line":48,"column":5}},{"start":{},"end":{}}],"line":46},"9":{"loc":{"start":{"line":81,"column":4},"end":{"line":81,"column":82}},"type":"if","locations":[{"start":{"line":81,"column":4},"end":{"line":81,"column":82}},{"start":{},"end":{}}],"line":81},"10":{"loc":{"start":{"line":84,"column":4},"end":{"line":84,"column":93}},"type":"if","locations":[{"start":{"line":84,"column":4},"end":{"line":84,"column":93}},{"start":{},"end":{}}],"line":84}},"s":{"0":1,"1":1,"2":1,"3":1,"4":0,"5":1,"6":1,"7":0,"8":1,"9":0,"10":1,"11":1,"12":0,"13":1,"14":1,"15":1,"16":1,"17":1,"18":0,"19":1,"20":1,"21":1,"22":0,"23":1,"24":1,"25":1,"26":1,"27":0,"28":1,"29":1,"30":1,"31":1,"32":1,"33":0,"34":1,"35":1,"36":0,"37":1,"38":1,"39":0,"40":0},"f":{"0":1,"1":1,"2":1},"b":{"0":[0,1],"1":[1,1,1],"2":[0,1],"3":[1,1],"4":[0,1],"5":[1,1,1],"6":[0,1],"7":[0,1],"8":[0,1],"9":[0,1],"10":[0,1]},"_coverageSchema":"1a1c01bbd47fc00a2c39e90264f33305004495a9","hash":"ebc5d953293f7fd5d83fd68190511d6ed04f3105"}
,"C:\\Users\\DAW\\Desktop\\ArDe\\ArDe-Back\\controllers\\UserController.js": {"path":"C:\\Users\\DAW\\Desktop\\ArDe\\ArDe-Back\\controllers\\UserController.js","statementMap":{"0":{"start":{"line":5,"column":27},"end":{"line":12,"column":1}},"1":{"start":{"line":6,"column":4},"end":{"line":11,"column":5}},"2":{"start":{"line":7,"column":22},"end":{"line":7,"column":47}},"3":{"start":{"line":8,"column":8},"end":{"line":8,"column":24}},"4":{"start":{"line":10,"column":8},"end":{"line":10,"column":43}},"5":{"start":{"line":15,"column":30},"end":{"line":26,"column":1}},"6":{"start":{"line":16,"column":4},"end":{"line":25,"column":5}},"7":{"start":{"line":17,"column":8},"end":{"line":19,"column":9}},"8":{"start":{"line":18,"column":8},"end":{"line":18,"column":67}},"9":{"start":{"line":21,"column":21},"end":{"line":21,"column":79}},"10":{"start":{"line":22,"column":8},"end":{"line":22,"column":23}},"11":{"start":{"line":24,"column":8},"end":{"line":24,"column":43}},"12":{"start":{"line":29,"column":26},"end":{"line":36,"column":1}},"13":{"start":{"line":30,"column":4},"end":{"line":35,"column":5}},"14":{"start":{"line":31,"column":8},"end":{"line":31,"column":41}},"15":{"start":{"line":32,"column":8},"end":{"line":32,"column":56}},"16":{"start":{"line":34,"column":8},"end":{"line":34,"column":43}},"17":{"start":{"line":39,"column":26},"end":{"line":96,"column":1}},"18":{"start":{"line":40,"column":2},"end":{"line":95,"column":3}},"19":{"start":{"line":42,"column":4},"end":{"line":44,"column":5}},"20":{"start":{"line":43,"column":6},"end":{"line":43,"column":65}},"21":{"start":{"line":46,"column":23},"end":{"line":46,"column":25}},"22":{"start":{"line":47,"column":35},"end":{"line":47,"column":43}},"23":{"start":{"line":50,"column":4},"end":{"line":52,"column":5}},"24":{"start":{"line":51,"column":6},"end":{"line":51,"column":38}},"25":{"start":{"line":54,"column":4},"end":{"line":64,"column":5}},"26":{"start":{"line":55,"column":4},"end":{"line":63,"column":3}},"27":{"start":{"line":57,"column":31},"end":{"line":57,"column":62}},"28":{"start":{"line":58,"column":8},"end":{"line":58,"column":45}},"29":{"start":{"line":61,"column":4},"end":{"line":61,"column":63}},"30":{"start":{"line":62,"column":4},"end":{"line":62,"column":75}},"31":{"start":{"line":66,"column":4},"end":{"line":68,"column":5}},"32":{"start":{"line":67,"column":6},"end":{"line":67,"column":87}},"33":{"start":{"line":70,"column":22},"end":{"line":72,"column":6}},"34":{"start":{"line":74,"column":4},"end":{"line":81,"column":5}},"35":{"start":{"line":75,"column":25},"end":{"line":75,"column":88}},"36":{"start":{"line":76,"column":6},"end":{"line":80,"column":7}},"37":{"start":{"line":77,"column":8},"end":{"line":77,"column":68}},"38":{"start":{"line":79,"column":8},"end":{"line":79,"column":98}},"39":{"start":{"line":83,"column":24},"end":{"line":85,"column":6}},"40":{"start":{"line":87,"column":4},"end":{"line":90,"column":7}},"41":{"start":{"line":93,"column":4},"end":{"line":93,"column":54}},"42":{"start":{"line":94,"column":4},"end":{"line":94,"column":53}},"43":{"start":{"line":100,"column":26},"end":{"line":118,"column":1}},"44":{"start":{"line":101,"column":2},"end":{"line":117,"column":3}},"45":{"start":{"line":103,"column":4},"end":{"line":105,"column":5}},"46":{"start":{"line":104,"column":6},"end":{"line":104,"column":65}},"47":{"start":{"line":108,"column":20},"end":{"line":108,"column":83}},"48":{"start":{"line":110,"column":4},"end":{"line":112,"column":5}},"49":{"start":{"line":111,"column":6},"end":{"line":111,"column":85}},"50":{"start":{"line":114,"column":4},"end":{"line":114,"column":75}},"51":{"start":{"line":116,"column":4},"end":{"line":116,"column":60}}},"fnMap":{"0":{"name":"(anonymous_0)","decl":{"start":{"line":5,"column":27},"end":{"line":5,"column":28}},"loc":{"start":{"line":5,"column":46},"end":{"line":12,"column":1}},"line":5},"1":{"name":"(anonymous_1)","decl":{"start":{"line":15,"column":30},"end":{"line":15,"column":31}},"loc":{"start":{"line":15,"column":49},"end":{"line":26,"column":1}},"line":15},"2":{"name":"(anonymous_2)","decl":{"start":{"line":29,"column":26},"end":{"line":29,"column":27}},"loc":{"start":{"line":29,"column":45},"end":{"line":36,"column":1}},"line":29},"3":{"name":"(anonymous_3)","decl":{"start":{"line":39,"column":26},"end":{"line":39,"column":27}},"loc":{"start":{"line":39,"column":46},"end":{"line":96,"column":1}},"line":39},"4":{"name":"(anonymous_4)","decl":{"start":{"line":100,"column":26},"end":{"line":100,"column":27}},"loc":{"start":{"line":100,"column":46},"end":{"line":118,"column":1}},"line":100}},"branchMap":{"0":{"loc":{"start":{"line":17,"column":8},"end":{"line":19,"column":9}},"type":"if","locations":[{"start":{"line":17,"column":8},"end":{"line":19,"column":9}},{"start":{},"end":{}}],"line":17},"1":{"loc":{"start":{"line":42,"column":4},"end":{"line":44,"column":5}},"type":"if","locations":[{"start":{"line":42,"column":4},"end":{"line":44,"column":5}},{"start":{},"end":{}}],"line":42},"2":{"loc":{"start":{"line":50,"column":4},"end":{"line":52,"column":5}},"type":"if","locations":[{"start":{"line":50,"column":4},"end":{"line":52,"column":5}},{"start":{},"end":{}}],"line":50},"3":{"loc":{"start":{"line":54,"column":4},"end":{"line":64,"column":5}},"type":"if","locations":[{"start":{"line":54,"column":4},"end":{"line":64,"column":5}},{"start":{},"end":{}}],"line":54},"4":{"loc":{"start":{"line":54,"column":8},"end":{"line":54,"column":42}},"type":"binary-expr","locations":[{"start":{"line":54,"column":8},"end":{"line":54,"column":16}},{"start":{"line":54,"column":20},"end":{"line":54,"column":42}}],"line":54},"5":{"loc":{"start":{"line":66,"column":4},"end":{"line":68,"column":5}},"type":"if","locations":[{"start":{"line":66,"column":4},"end":{"line":68,"column":5}},{"start":{},"end":{}}],"line":66},"6":{"loc":{"start":{"line":74,"column":4},"end":{"line":81,"column":5}},"type":"if","locations":[{"start":{"line":74,"column":4},"end":{"line":81,"column":5}},{"start":{},"end":{}}],"line":74},"7":{"loc":{"start":{"line":76,"column":6},"end":{"line":80,"column":7}},"type":"if","locations":[{"start":{"line":76,"column":6},"end":{"line":80,"column":7}},{"start":{"line":78,"column":13},"end":{"line":80,"column":7}}],"line":76},"8":{"loc":{"start":{"line":103,"column":4},"end":{"line":105,"column":5}},"type":"if","locations":[{"start":{"line":103,"column":4},"end":{"line":105,"column":5}},{"start":{},"end":{}}],"line":103},"9":{"loc":{"start":{"line":110,"column":4},"end":{"line":112,"column":5}},"type":"if","locations":[{"start":{"line":110,"column":4},"end":{"line":112,"column":5}},{"start":{},"end":{}}],"line":110}},"s":{"0":1,"1":0,"2":0,"3":0,"4":0,"5":1,"6":0,"7":0,"8":0,"9":0,"10":0,"11":0,"12":1,"13":0,"14":0,"15":0,"16":0,"17":1,"18":1,"19":1,"20":0,"21":1,"22":1,"23":1,"24":1,"25":1,"26":1,"27":1,"28":1,"29":0,"30":0,"31":1,"32":0,"33":1,"34":1,"35":0,"36":0,"37":0,"38":0,"39":1,"40":1,"41":0,"42":0,"43":1,"44":2,"45":2,"46":1,"47":1,"48":1,"49":0,"50":1,"51":0},"f":{"0":0,"1":0,"2":0,"3":1,"4":2},"b":{"0":[0,0],"1":[0,1],"2":[1,0],"3":[1,0],"4":[1,1],"5":[0,1],"6":[0,1],"7":[0,0],"8":[1,1],"9":[0,1]},"_coverageSchema":"1a1c01bbd47fc00a2c39e90264f33305004495a9","hash":"f8307b600a83a00ce27283d845dce6abdbc3162f"}
,"C:\\Users\\DAW\\Desktop\\ArDe\\ArDe-Back\\database\\db.js": {"path":"C:\\Users\\DAW\\Desktop\\ArDe\\ArDe-Back\\database\\db.js","statementMap":{"0":{"start":{"line":3,"column":11},"end":{"line":9,"column":2}}},"fnMap":{},"branchMap":{},"s":{"0":2},"f":{},"b":{},"_coverageSchema":"1a1c01bbd47fc00a2c39e90264f33305004495a9","hash":"23ce906d324a2418f11c15c0738efceda1ecee46"}
,"C:\\Users\\DAW\\Desktop\\ArDe\\ArDe-Back\\models\\UserModel.js": {"path":"C:\\Users\\DAW\\Desktop\\ArDe\\ArDe-Back\\models\\UserModel.js","statementMap":{"0":{"start":{"line":4,"column":18},"end":{"line":42,"column":2}}},"fnMap":{},"branchMap":{},"s":{"0":2},"f":{},"b":{},"_coverageSchema":"1a1c01bbd47fc00a2c39e90264f33305004495a9","hash":"8d3fcf0934af7d1bc62c00af3c98d93a0a01af9d"}
}
