{"C:\\Users\\DAW\\Desktop\\ArDe\\ArDe-Back\\controllers\\AuthController.js": {"path":"C:\\Users\\DAW\\Desktop\\ArDe\\ArDe-Back\\controllers\\AuthController.js","statementMap":{"0":{"start":{"line":6,"column":19},"end":{"line":6,"column":34}},"1":{"start":{"line":10,"column":29},"end":{"line":32,"column":1}},"2":{"start":{"line":11,"column":17},"end":{"line":11,"column":19}},"3":{"start":{"line":13,"column":2},"end":{"line":15,"column":3}},"4":{"start":{"line":14,"column":4},"end":{"line":14,"column":75}},"5":{"start":{"line":17,"column":21},"end":{"line":17,"column":49}},"6":{"start":{"line":18,"column":2},"end":{"line":20,"column":3}},"7":{"start":{"line":19,"column":4},"end":{"line":19,"column":55}},"8":{"start":{"line":22,"column":2},"end":{"line":24,"column":3}},"9":{"start":{"line":23,"column":4},"end":{"line":23,"column":65}},"10":{"start":{"line":26,"column":23},"end":{"line":26,"column":45}},"11":{"start":{"line":27,"column":2},"end":{"line":29,"column":3}},"12":{"start":{"line":28,"column":4},"end":{"line":28,"column":77}},"13":{"start":{"line":31,"column":2},"end":{"line":31,"column":16}},"14":{"start":{"line":35,"column":24},"end":{"line":73,"column":1}},"15":{"start":{"line":36,"column":40},"end":{"line":36,"column":48}},"16":{"start":{"line":38,"column":27},"end":{"line":38,"column":78}},"17":{"start":{"line":39,"column":4},"end":{"line":41,"column":5}},"18":{"start":{"line":40,"column":6},"end":{"line":40,"column":75}},"19":{"start":{"line":43,"column":2},"end":{"line":72,"column":3}},"20":{"start":{"line":45,"column":25},"end":{"line":45,"column":70}},"21":{"start":{"line":46,"column":4},"end":{"line":48,"column":5}},"22":{"start":{"line":47,"column":6},"end":{"line":47,"column":80}},"23":{"start":{"line":50,"column":27},"end":{"line":50,"column":58}},"24":{"start":{"line":52,"column":20},"end":{"line":52,"column":99}},"25":{"start":{"line":54,"column":18},"end":{"line":58,"column":5}},"26":{"start":{"line":60,"column":4},"end":{"line":68,"column":7}},"27":{"start":{"line":71,"column":4},"end":{"line":71,"column":60}},"28":{"start":{"line":76,"column":21},"end":{"line":107,"column":1}},"29":{"start":{"line":77,"column":30},"end":{"line":77,"column":38}},"30":{"start":{"line":79,"column":2},"end":{"line":106,"column":3}},"31":{"start":{"line":80,"column":17},"end":{"line":80,"column":124}},"32":{"start":{"line":81,"column":4},"end":{"line":81,"column":82}},"33":{"start":{"line":81,"column":15},"end":{"line":81,"column":82}},"34":{"start":{"line":83,"column":28},"end":{"line":83,"column":73}},"35":{"start":{"line":84,"column":4},"end":{"line":84,"column":93}},"36":{"start":{"line":84,"column":26},"end":{"line":84,"column":93}},"37":{"start":{"line":86,"column":18},"end":{"line":90,"column":5}},"38":{"start":{"line":92,"column":4},"end":{"line":100,"column":7}},"39":{"start":{"line":104,"column":4},"end":{"line":104,"column":44}},"40":{"start":{"line":105,"column":4},"end":{"line":105,"column":53}}},"fnMap":{"0":{"name":"(anonymous_0)","decl":{"start":{"line":10,"column":29},"end":{"line":10,"column":30}},"loc":{"start":{"line":10,"column":64},"end":{"line":32,"column":1}},"line":10},"1":{"name":"(anonymous_1)","decl":{"start":{"line":35,"column":24},"end":{"line":35,"column":25}},"loc":{"start":{"line":35,"column":44},"end":{"line":73,"column":1}},"line":35},"2":{"name":"(anonymous_2)","decl":{"start":{"line":76,"column":21},"end":{"line":76,"column":22}},"loc":{"start":{"line":76,"column":41},"end":{"line":107,"column":1}},"line":76}},"branchMap":{"0":{"loc":{"start":{"line":13,"column":2},"end":{"line":15,"column":3}},"type":"if","locations":[{"start":{"line":13,"column":2},"end":{"line":15,"column":3}},{"start":{},"end":{}}],"line":13},"1":{"loc":{"start":{"line":13,"column":6},"end":{"line":13,"column":63}},"type":"binary-expr","locations":[{"start":{"line":13,"column":6},"end":{"line":13,"column":15}},{"start":{"line":13,"column":19},"end":{"line":13,"column":38}},{"start":{"line":13,"column":42},"end":{"line":13,"column":63}}],"line":13},"2":{"loc":{"start":{"line":18,"column":2},"end":{"line":20,"column":3}},"type":"if","locations":[{"start":{"line":18,"column":2},"end":{"line":20,"column":3}},{"start":{},"end":{}}],"line":18},"3":{"loc":{"start":{"line":18,"column":6},"end":{"line":18,"column":39}},"type":"binary-expr","locations":[{"start":{"line":18,"column":6},"end":{"line":18,"column":12}},{"start":{"line":18,"column":16},"end":{"line":18,"column":39}}],"line":18},"4":{"loc":{"start":{"line":22,"column":2},"end":{"line":24,"column":3}},"type":"if","locations":[{"start":{"line":22,"column":2},"end":{"line":24,"column":3}},{"start":{},"end":{}}],"line":22},"5":{"loc":{"start":{"line":22,"column":6},"end":{"line":22,"column":63}},"type":"binary-expr","locations":[{"start":{"line":22,"column":6},"end":{"line":22,"column":15}},{"start":{"line":22,"column":19},"end":{"line":22,"column":38}},{"start":{"line":22,"column":42},"end":{"line":22,"column":63}}],"line":22},"6":{"loc":{"start":{"line":27,"column":2},"end":{"line":29,"column":3}},"type":"if","locations":[{"start":{"line":27,"column":2},"end":{"line":29,"column":3}},{"start":{},"end":{}}],"line":27},"7":{"loc":{"start":{"line":39,"column":4},"end":{"line":41,"column":5}},"type":"if","locations":[{"start":{"line":39,"column":4},"end":{"line":41,"column":5}},{"start":{},"end":{}}],"line":39},"8":{"loc":{"start":{"line":46,"column":4},"end":{"line":48,"column":5}},"type":"if","locations":[{"start":{"line":46,"column":4},"end":{"line":48,"column":5}},{"start":{},"end":{}}],"line":46},"9":{"loc":{"start":{"line":81,"column":4},"end":{"line":81,"column":82}},"type":"if","locations":[{"start":{"line":81,"column":4},"end":{"line":81,"column":82}},{"start":{},"end":{}}],"line":81},"10":{"loc":{"start":{"line":84,"column":4},"end":{"line":84,"column":93}},"type":"if","locations":[{"start":{"line":84,"column":4},"end":{"line":84,"column":93}},{"start":{},"end":{}}],"line":84}},"s":{"0":1,"1":1,"2":1,"3":1,"4":0,"5":1,"6":1,"7":0,"8":1,"9":0,"10":1,"11":1,"12":0,"13":1,"14":1,"15":1,"16":1,"17":1,"18":0,"19":1,"20":1,"21":1,"22":0,"23":1,"24":1,"25":1,"26":1,"27":0,"28":1,"29":1,"30":1,"31":1,"32":1,"33":0,"34":1,"35":1,"36":0,"37":1,"38":1,"39":0,"40":0},"f":{"0":1,"1":1,"2":1},"b":{"0":[0,1],"1":[1,1,1],"2":[0,1],"3":[1,1],"4":[0,1],"5":[1,1,1],"6":[0,1],"7":[0,1],"8":[0,1],"9":[0,1],"10":[0,1]},"_coverageSchema":"1a1c01bbd47fc00a2c39e90264f33305004495a9","hash":"ebc5d953293f7fd5d83fd68190511d6ed04f3105"}
,"C:\\Users\\DAW\\Desktop\\ArDe\\ArDe-Back\\controllers\\OrderController.js": {"path":"C:\\Users\\DAW\\Desktop\\ArDe\\ArDe-Back\\controllers\\OrderController.js","statementMap":{"0":{"start":{"line":4,"column":37},"end":{"line":21,"column":1}},"1":{"start":{"line":5,"column":2},"end":{"line":20,"column":3}},"2":{"start":{"line":6,"column":19},"end":{"line":6,"column":30}},"3":{"start":{"line":8,"column":19},"end":{"line":15,"column":6}},"4":{"start":{"line":17,"column":4},"end":{"line":17,"column":21}},"5":{"start":{"line":19,"column":4},"end":{"line":19,"column":53}},"6":{"start":{"line":23,"column":43},"end":{"line":40,"column":1}},"7":{"start":{"line":24,"column":2},"end":{"line":39,"column":3}},"8":{"start":{"line":25,"column":19},"end":{"line":25,"column":30}},"9":{"start":{"line":27,"column":19},"end":{"line":34,"column":6}},"10":{"start":{"line":36,"column":4},"end":{"line":36,"column":21}},"11":{"start":{"line":38,"column":4},"end":{"line":38,"column":53}},"12":{"start":{"line":42,"column":27},"end":{"line":58,"column":1}},"13":{"start":{"line":43,"column":4},"end":{"line":57,"column":5}},"14":{"start":{"line":44,"column":72},"end":{"line":44,"column":80}},"15":{"start":{"line":46,"column":8},"end":{"line":52,"column":11}},"16":{"start":{"line":54,"column":8},"end":{"line":54,"column":60}},"17":{"start":{"line":56,"column":8},"end":{"line":56,"column":45}},"18":{"start":{"line":60,"column":27},"end":{"line":68,"column":2}},"19":{"start":{"line":61,"column":1},"end":{"line":67,"column":3}},"20":{"start":{"line":62,"column":3},"end":{"line":62,"column":65}},"21":{"start":{"line":63,"column":3},"end":{"line":63,"column":53}},"22":{"start":{"line":66,"column":3},"end":{"line":66,"column":37}},"23":{"start":{"line":70,"column":27},"end":{"line":77,"column":1}},"24":{"start":{"line":71,"column":1},"end":{"line":76,"column":2}},"25":{"start":{"line":72,"column":3},"end":{"line":72,"column":56}},"26":{"start":{"line":73,"column":3},"end":{"line":73,"column":53}},"27":{"start":{"line":75,"column":3},"end":{"line":75,"column":37}}},"fnMap":{"0":{"name":"(anonymous_0)","decl":{"start":{"line":4,"column":37},"end":{"line":4,"column":38}},"loc":{"start":{"line":4,"column":57},"end":{"line":21,"column":1}},"line":4},"1":{"name":"(anonymous_1)","decl":{"start":{"line":23,"column":43},"end":{"line":23,"column":44}},"loc":{"start":{"line":23,"column":63},"end":{"line":40,"column":1}},"line":23},"2":{"name":"(anonymous_2)","decl":{"start":{"line":42,"column":27},"end":{"line":42,"column":28}},"loc":{"start":{"line":42,"column":46},"end":{"line":58,"column":1}},"line":42},"3":{"name":"(anonymous_3)","decl":{"start":{"line":60,"column":27},"end":{"line":60,"column":28}},"loc":{"start":{"line":60,"column":44},"end":{"line":68,"column":2}},"line":60},"4":{"name":"(anonymous_4)","decl":{"start":{"line":70,"column":27},"end":{"line":70,"column":28}},"loc":{"start":{"line":70,"column":47},"end":{"line":77,"column":1}},"line":70}},"branchMap":{},"s":{"0":1,"1":1,"2":1,"3":1,"4":1,"5":0,"6":1,"7":1,"8":1,"9":1,"10":1,"11":0,"12":1,"13":1,"14":1,"15":1,"16":1,"17":0,"18":1,"19":1,"20":1,"21":1,"22":0,"23":1,"24":1,"25":1,"26":1,"27":0},"f":{"0":1,"1":1,"2":1,"3":1,"4":1},"b":{},"_coverageSchema":"1a1c01bbd47fc00a2c39e90264f33305004495a9","hash":"b41c76716d2e41db023d6feed92d792a79f8a0f4"}
,"C:\\Users\\DAW\\Desktop\\ArDe\\ArDe-Back\\controllers\\UserController.js": {"path":"C:\\Users\\DAW\\Desktop\\ArDe\\ArDe-Back\\controllers\\UserController.js","statementMap":{"0":{"start":{"line":6,"column":19},"end":{"line":6,"column":34}},"1":{"start":{"line":9,"column":30},"end":{"line":20,"column":1}},"2":{"start":{"line":10,"column":4},"end":{"line":19,"column":5}},"3":{"start":{"line":11,"column":8},"end":{"line":13,"column":9}},"4":{"start":{"line":12,"column":8},"end":{"line":12,"column":67}},"5":{"start":{"line":15,"column":21},"end":{"line":15,"column":79}},"6":{"start":{"line":16,"column":8},"end":{"line":16,"column":23}},"7":{"start":{"line":18,"column":8},"end":{"line":18,"column":43}},"8":{"start":{"line":24,"column":26},"end":{"line":84,"column":1}},"9":{"start":{"line":25,"column":2},"end":{"line":83,"column":3}},"10":{"start":{"line":26,"column":4},"end":{"line":28,"column":5}},"11":{"start":{"line":27,"column":6},"end":{"line":27,"column":65}},"12":{"start":{"line":30,"column":23},"end":{"line":30,"column":25}},"13":{"start":{"line":31,"column":35},"end":{"line":31,"column":43}},"14":{"start":{"line":33,"column":4},"end":{"line":35,"column":5}},"15":{"start":{"line":34,"column":6},"end":{"line":34,"column":38}},"16":{"start":{"line":37,"column":4},"end":{"line":45,"column":5}},"17":{"start":{"line":38,"column":6},"end":{"line":44,"column":7}},"18":{"start":{"line":39,"column":31},"end":{"line":39,"column":62}},"19":{"start":{"line":40,"column":8},"end":{"line":40,"column":45}},"20":{"start":{"line":42,"column":8},"end":{"line":42,"column":67}},"21":{"start":{"line":43,"column":8},"end":{"line":43,"column":79}},"22":{"start":{"line":47,"column":4},"end":{"line":49,"column":5}},"23":{"start":{"line":48,"column":6},"end":{"line":48,"column":87}},"24":{"start":{"line":51,"column":22},"end":{"line":53,"column":6}},"25":{"start":{"line":55,"column":4},"end":{"line":62,"column":5}},"26":{"start":{"line":56,"column":25},"end":{"line":56,"column":88}},"27":{"start":{"line":57,"column":6},"end":{"line":61,"column":7}},"28":{"start":{"line":58,"column":8},"end":{"line":58,"column":68}},"29":{"start":{"line":60,"column":8},"end":{"line":60,"column":98}},"30":{"start":{"line":64,"column":24},"end":{"line":66,"column":6}},"31":{"start":{"line":68,"column":18},"end":{"line":72,"column":5}},"32":{"start":{"line":74,"column":4},"end":{"line":78,"column":7}},"33":{"start":{"line":81,"column":4},"end":{"line":81,"column":54}},"34":{"start":{"line":82,"column":4},"end":{"line":82,"column":53}},"35":{"start":{"line":88,"column":26},"end":{"line":106,"column":1}},"36":{"start":{"line":89,"column":2},"end":{"line":105,"column":3}},"37":{"start":{"line":91,"column":4},"end":{"line":93,"column":5}},"38":{"start":{"line":92,"column":6},"end":{"line":92,"column":65}},"39":{"start":{"line":96,"column":20},"end":{"line":96,"column":83}},"40":{"start":{"line":98,"column":4},"end":{"line":100,"column":5}},"41":{"start":{"line":99,"column":6},"end":{"line":99,"column":85}},"42":{"start":{"line":102,"column":4},"end":{"line":102,"column":75}},"43":{"start":{"line":104,"column":4},"end":{"line":104,"column":60}}},"fnMap":{"0":{"name":"(anonymous_0)","decl":{"start":{"line":9,"column":30},"end":{"line":9,"column":31}},"loc":{"start":{"line":9,"column":49},"end":{"line":20,"column":1}},"line":9},"1":{"name":"(anonymous_1)","decl":{"start":{"line":24,"column":26},"end":{"line":24,"column":27}},"loc":{"start":{"line":24,"column":46},"end":{"line":84,"column":1}},"line":24},"2":{"name":"(anonymous_2)","decl":{"start":{"line":88,"column":26},"end":{"line":88,"column":27}},"loc":{"start":{"line":88,"column":46},"end":{"line":106,"column":1}},"line":88}},"branchMap":{"0":{"loc":{"start":{"line":11,"column":8},"end":{"line":13,"column":9}},"type":"if","locations":[{"start":{"line":11,"column":8},"end":{"line":13,"column":9}},{"start":{},"end":{}}],"line":11},"1":{"loc":{"start":{"line":26,"column":4},"end":{"line":28,"column":5}},"type":"if","locations":[{"start":{"line":26,"column":4},"end":{"line":28,"column":5}},{"start":{},"end":{}}],"line":26},"2":{"loc":{"start":{"line":33,"column":4},"end":{"line":35,"column":5}},"type":"if","locations":[{"start":{"line":33,"column":4},"end":{"line":35,"column":5}},{"start":{},"end":{}}],"line":33},"3":{"loc":{"start":{"line":37,"column":4},"end":{"line":45,"column":5}},"type":"if","locations":[{"start":{"line":37,"column":4},"end":{"line":45,"column":5}},{"start":{},"end":{}}],"line":37},"4":{"loc":{"start":{"line":37,"column":8},"end":{"line":37,"column":42}},"type":"binary-expr","locations":[{"start":{"line":37,"column":8},"end":{"line":37,"column":16}},{"start":{"line":37,"column":20},"end":{"line":37,"column":42}}],"line":37},"5":{"loc":{"start":{"line":47,"column":4},"end":{"line":49,"column":5}},"type":"if","locations":[{"start":{"line":47,"column":4},"end":{"line":49,"column":5}},{"start":{},"end":{}}],"line":47},"6":{"loc":{"start":{"line":55,"column":4},"end":{"line":62,"column":5}},"type":"if","locations":[{"start":{"line":55,"column":4},"end":{"line":62,"column":5}},{"start":{},"end":{}}],"line":55},"7":{"loc":{"start":{"line":57,"column":6},"end":{"line":61,"column":7}},"type":"if","locations":[{"start":{"line":57,"column":6},"end":{"line":61,"column":7}},{"start":{"line":59,"column":13},"end":{"line":61,"column":7}}],"line":57},"8":{"loc":{"start":{"line":91,"column":4},"end":{"line":93,"column":5}},"type":"if","locations":[{"start":{"line":91,"column":4},"end":{"line":93,"column":5}},{"start":{},"end":{}}],"line":91},"9":{"loc":{"start":{"line":98,"column":4},"end":{"line":100,"column":5}},"type":"if","locations":[{"start":{"line":98,"column":4},"end":{"line":100,"column":5}},{"start":{},"end":{}}],"line":98}},"s":{"0":1,"1":1,"2":0,"3":0,"4":0,"5":0,"6":0,"7":0,"8":1,"9":1,"10":1,"11":0,"12":1,"13":1,"14":1,"15":1,"16":1,"17":1,"18":1,"19":1,"20":0,"21":0,"22":1,"23":0,"24":1,"25":1,"26":0,"27":0,"28":0,"29":0,"30":1,"31":1,"32":1,"33":0,"34":0,"35":1,"36":2,"37":2,"38":1,"39":1,"40":1,"41":0,"42":1,"43":0},"f":{"0":0,"1":1,"2":2},"b":{"0":[0,0],"1":[0,1],"2":[1,0],"3":[1,0],"4":[1,1],"5":[0,1],"6":[0,1],"7":[0,0],"8":[1,1],"9":[0,1]},"_coverageSchema":"1a1c01bbd47fc00a2c39e90264f33305004495a9","hash":"69c81bbe2b8851970dab2981a520ccd7db595102"}
,"C:\\Users\\DAW\\Desktop\\ArDe\\ArDe-Back\\controllers\\WorkController.js": {"path":"C:\\Users\\DAW\\Desktop\\ArDe\\ArDe-Back\\controllers\\WorkController.js","statementMap":{"0":{"start":{"line":5,"column":27},"end":{"line":14,"column":1}},"1":{"start":{"line":6,"column":4},"end":{"line":13,"column":5}},"2":{"start":{"line":7,"column":22},"end":{"line":9,"column":10}},"3":{"start":{"line":10,"column":8},"end":{"line":10,"column":24}},"4":{"start":{"line":12,"column":8},"end":{"line":12,"column":43}},"5":{"start":{"line":17,"column":30},"end":{"line":24,"column":1}},"6":{"start":{"line":18,"column":4},"end":{"line":23,"column":5}},"7":{"start":{"line":19,"column":21},"end":{"line":19,"column":79}},"8":{"start":{"line":20,"column":8},"end":{"line":20,"column":23}},"9":{"start":{"line":22,"column":8},"end":{"line":22,"column":43}},"10":{"start":{"line":27,"column":26},"end":{"line":52,"column":1}},"11":{"start":{"line":28,"column":65},"end":{"line":28,"column":73}},"12":{"start":{"line":30,"column":4},"end":{"line":32,"column":5}},"13":{"start":{"line":31,"column":8},"end":{"line":31,"column":120}},"14":{"start":{"line":34,"column":4},"end":{"line":51,"column":5}},"15":{"start":{"line":35,"column":29},"end":{"line":35,"column":74}},"16":{"start":{"line":36,"column":8},"end":{"line":38,"column":9}},"17":{"start":{"line":37,"column":12},"end":{"line":37,"column":82}},"18":{"start":{"line":40,"column":24},"end":{"line":40,"column":100}},"19":{"start":{"line":41,"column":8},"end":{"line":43,"column":9}},"20":{"start":{"line":42,"column":12},"end":{"line":42,"column":92}},"21":{"start":{"line":45,"column":8},"end":{"line":48,"column":11}},"22":{"start":{"line":50,"column":8},"end":{"line":50,"column":43}},"23":{"start":{"line":56,"column":26},"end":{"line":71,"column":1}},"24":{"start":{"line":57,"column":4},"end":{"line":70,"column":5}},"25":{"start":{"line":58,"column":26},"end":{"line":58,"column":34}},"26":{"start":{"line":60,"column":8},"end":{"line":60,"column":81}},"27":{"start":{"line":62,"column":8},"end":{"line":66,"column":9}},"28":{"start":{"line":63,"column":12},"end":{"line":63,"column":53}},"29":{"start":{"line":65,"column":12},"end":{"line":65,"column":64}},"30":{"start":{"line":69,"column":8},"end":{"line":69,"column":57}}},"fnMap":{"0":{"name":"(anonymous_0)","decl":{"start":{"line":5,"column":27},"end":{"line":5,"column":28}},"loc":{"start":{"line":5,"column":46},"end":{"line":14,"column":1}},"line":5},"1":{"name":"(anonymous_1)","decl":{"start":{"line":17,"column":30},"end":{"line":17,"column":31}},"loc":{"start":{"line":17,"column":49},"end":{"line":24,"column":1}},"line":17},"2":{"name":"(anonymous_2)","decl":{"start":{"line":27,"column":26},"end":{"line":27,"column":27}},"loc":{"start":{"line":27,"column":45},"end":{"line":52,"column":1}},"line":27},"3":{"name":"(anonymous_3)","decl":{"start":{"line":56,"column":26},"end":{"line":56,"column":27}},"loc":{"start":{"line":56,"column":46},"end":{"line":71,"column":1}},"line":56}},"branchMap":{"0":{"loc":{"start":{"line":30,"column":4},"end":{"line":32,"column":5}},"type":"if","locations":[{"start":{"line":30,"column":4},"end":{"line":32,"column":5}},{"start":{},"end":{}}],"line":30},"1":{"loc":{"start":{"line":30,"column":8},"end":{"line":30,"column":69}},"type":"binary-expr","locations":[{"start":{"line":30,"column":8},"end":{"line":30,"column":14}},{"start":{"line":30,"column":18},"end":{"line":30,"column":28}},{"start":{"line":30,"column":32},"end":{"line":30,"column":38}},{"start":{"line":30,"column":42},"end":{"line":30,"column":54}},{"start":{"line":30,"column":58},"end":{"line":30,"column":69}}],"line":30},"2":{"loc":{"start":{"line":36,"column":8},"end":{"line":38,"column":9}},"type":"if","locations":[{"start":{"line":36,"column":8},"end":{"line":38,"column":9}},{"start":{},"end":{}}],"line":36},"3":{"loc":{"start":{"line":41,"column":8},"end":{"line":43,"column":9}},"type":"if","locations":[{"start":{"line":41,"column":8},"end":{"line":43,"column":9}},{"start":{},"end":{}}],"line":41},"4":{"loc":{"start":{"line":41,"column":11},"end":{"line":41,"column":34}},"type":"binary-expr","locations":[{"start":{"line":41,"column":11},"end":{"line":41,"column":19}},{"start":{"line":41,"column":23},"end":{"line":41,"column":34}}],"line":41},"5":{"loc":{"start":{"line":62,"column":8},"end":{"line":66,"column":9}},"type":"if","locations":[{"start":{"line":62,"column":8},"end":{"line":66,"column":9}},{"start":{"line":64,"column":15},"end":{"line":66,"column":9}}],"line":62}},"s":{"0":1,"1":1,"2":1,"3":1,"4":0,"5":1,"6":0,"7":0,"8":0,"9":0,"10":1,"11":3,"12":3,"13":1,"14":2,"15":2,"16":2,"17":1,"18":1,"19":1,"20":0,"21":1,"22":0,"23":1,"24":2,"25":2,"26":2,"27":2,"28":1,"29":1,"30":0},"f":{"0":1,"1":0,"2":3,"3":2},"b":{"0":[1,2],"1":[3,3,2,2,2],"2":[1,1],"3":[0,1],"4":[1,1],"5":[1,1]},"_coverageSchema":"1a1c01bbd47fc00a2c39e90264f33305004495a9","hash":"7f677af643e546a7d3f6b385da6c2b3bb3cbc263"}
,"C:\\Users\\DAW\\Desktop\\ArDe\\ArDe-Back\\database\\db.js": {"path":"C:\\Users\\DAW\\Desktop\\ArDe\\ArDe-Back\\database\\db.js","statementMap":{"0":{"start":{"line":3,"column":11},"end":{"line":9,"column":2}}},"fnMap":{},"branchMap":{},"s":{"0":4},"f":{},"b":{},"_coverageSchema":"1a1c01bbd47fc00a2c39e90264f33305004495a9","hash":"23ce906d324a2418f11c15c0738efceda1ecee46"}
,"C:\\Users\\DAW\\Desktop\\ArDe\\ArDe-Back\\models\\OrderModel.js": {"path":"C:\\Users\\DAW\\Desktop\\ArDe\\ArDe-Back\\models\\OrderModel.js","statementMap":{"0":{"start":{"line":6,"column":19},"end":{"line":59,"column":2}},"1":{"start":{"line":62,"column":0},"end":{"line":62,"column":59}},"2":{"start":{"line":63,"column":0},"end":{"line":63,"column":71}}},"fnMap":{},"branchMap":{},"s":{"0":1,"1":1,"2":1},"f":{},"b":{},"_coverageSchema":"1a1c01bbd47fc00a2c39e90264f33305004495a9","hash":"2417aa13162041e4f793ac283580d5f0338f8181"}
,"C:\\Users\\DAW\\Desktop\\ArDe\\ArDe-Back\\models\\UserModel.js": {"path":"C:\\Users\\DAW\\Desktop\\ArDe\\ArDe-Back\\models\\UserModel.js","statementMap":{"0":{"start":{"line":4,"column":18},"end":{"line":42,"column":2}}},"fnMap":{},"branchMap":{},"s":{"0":3},"f":{},"b":{},"_coverageSchema":"1a1c01bbd47fc00a2c39e90264f33305004495a9","hash":"8d3fcf0934af7d1bc62c00af3c98d93a0a01af9d"}
,"C:\\Users\\DAW\\Desktop\\ArDe\\ArDe-Back\\models\\WorkModel.js": {"path":"C:\\Users\\DAW\\Desktop\\ArDe\\ArDe-Back\\models\\WorkModel.js","statementMap":{"0":{"start":{"line":4,"column":18},"end":{"line":52,"column":2}}},"fnMap":{},"branchMap":{},"s":{"0":2},"f":{},"b":{},"_coverageSchema":"1a1c01bbd47fc00a2c39e90264f33305004495a9","hash":"de4c3c303016cc79c116f613a9185ba6efdea17c"}
}
