TN:
SF:controllers\AuthController.js
FN:10,(anonymous_0)
FN:35,(anonymous_1)
FN:76,(anonymous_2)
FNF:3
FNH:3
FNDA:1,(anonymous_0)
FNDA:1,(anonymous_1)
FNDA:1,(anonymous_2)
DA:6,1
DA:10,1
DA:11,1
DA:13,1
DA:14,0
DA:17,1
DA:18,1
DA:19,0
DA:22,1
DA:23,0
DA:26,1
DA:27,1
DA:28,0
DA:31,1
DA:35,1
DA:36,1
DA:38,1
DA:39,1
DA:40,0
DA:43,1
DA:45,1
DA:46,1
DA:47,0
DA:50,1
DA:52,1
DA:54,1
DA:60,1
DA:71,0
DA:76,1
DA:77,1
DA:79,1
DA:80,1
DA:81,1
DA:83,1
DA:84,1
DA:86,1
DA:92,1
DA:104,0
DA:105,0
LF:39
LH:30
BRDA:13,0,0,0
BRDA:13,0,1,1
BRDA:13,1,0,1
BRDA:13,1,1,1
BRDA:13,1,2,1
BRDA:18,2,0,0
BRDA:18,2,1,1
BRDA:18,3,0,1
BRDA:18,3,1,1
BRDA:22,4,0,0
BRDA:22,4,1,1
BRDA:22,5,0,1
BRDA:22,5,1,1
BRDA:22,5,2,1
BRDA:27,6,0,0
BRDA:27,6,1,1
BRDA:39,7,0,0
BRDA:39,7,1,1
BRDA:46,8,0,0
BRDA:46,8,1,1
BRDA:81,9,0,0
BRDA:81,9,1,1
BRDA:84,10,0,0
BRDA:84,10,1,1
BRF:24
BRH:16
end_of_record
TN:
SF:controllers\OrderController.js
FN:4,(anonymous_0)
FN:23,(anonymous_1)
FN:42,(anonymous_2)
FN:60,(anonymous_3)
FN:70,(anonymous_4)
FNF:5
FNH:5
FNDA:1,(anonymous_0)
FNDA:1,(anonymous_1)
FNDA:1,(anonymous_2)
FNDA:1,(anonymous_3)
FNDA:1,(anonymous_4)
DA:4,1
DA:5,1
DA:6,1
DA:8,1
DA:17,1
DA:19,0
DA:23,1
DA:24,1
DA:25,1
DA:27,1
DA:36,1
DA:38,0
DA:42,1
DA:43,1
DA:44,1
DA:46,1
DA:54,1
DA:56,0
DA:60,1
DA:61,1
DA:62,1
DA:63,1
DA:66,0
DA:70,1
DA:71,1
DA:72,1
DA:73,1
DA:75,0
LF:28
LH:23
BRF:0
BRH:0
end_of_record
TN:
SF:controllers\UserController.js
FN:9,(anonymous_0)
FN:24,(anonymous_1)
FN:88,(anonymous_2)
FNF:3
FNH:2
FNDA:0,(anonymous_0)
FNDA:1,(anonymous_1)
FNDA:2,(anonymous_2)
DA:6,1
DA:9,1
DA:10,0
DA:11,0
DA:12,0
DA:15,0
DA:16,0
DA:18,0
DA:24,1
DA:25,1
DA:26,1
DA:27,0
DA:30,1
DA:31,1
DA:33,1
DA:34,1
DA:37,1
DA:38,1
DA:39,1
DA:40,1
DA:42,0
DA:43,0
DA:47,1
DA:48,0
DA:51,1
DA:55,1
DA:56,0
DA:57,0
DA:58,0
DA:60,0
DA:64,1
DA:68,1
DA:74,1
DA:81,0
DA:82,0
DA:88,1
DA:89,2
DA:91,2
DA:92,1
DA:96,1
DA:98,1
DA:99,0
DA:102,1
DA:104,0
LF:44
LH:26
BRDA:11,0,0,0
BRDA:11,0,1,0
BRDA:26,1,0,0
BRDA:26,1,1,1
BRDA:33,2,0,1
BRDA:33,2,1,0
BRDA:37,3,0,1
BRDA:37,3,1,0
BRDA:37,4,0,1
BRDA:37,4,1,1
BRDA:47,5,0,0
BRDA:47,5,1,1
BRDA:55,6,0,0
BRDA:55,6,1,1
BRDA:57,7,0,0
BRDA:57,7,1,0
BRDA:91,8,0,1
BRDA:91,8,1,1
BRDA:98,9,0,0
BRDA:98,9,1,1
BRF:20
BRH:10
end_of_record
TN:
SF:controllers\WorkController.js
FN:5,(anonymous_0)
FN:17,(anonymous_1)
FN:27,(anonymous_2)
FN:56,(anonymous_3)
FNF:4
FNH:3
FNDA:1,(anonymous_0)
FNDA:0,(anonymous_1)
FNDA:3,(anonymous_2)
FNDA:2,(anonymous_3)
DA:5,1
DA:6,1
DA:7,1
DA:10,1
DA:12,0
DA:17,1
DA:18,0
DA:19,0
DA:20,0
DA:22,0
DA:27,1
DA:28,3
DA:30,3
DA:31,1
DA:34,2
DA:35,2
DA:36,2
DA:37,1
DA:40,1
DA:41,1
DA:42,0
DA:45,1
DA:50,0
DA:56,1
DA:57,2
DA:58,2
DA:60,2
DA:62,2
DA:63,1
DA:65,1
DA:69,0
LF:31
LH:23
BRDA:30,0,0,1
BRDA:30,0,1,2
BRDA:30,1,0,3
BRDA:30,1,1,3
BRDA:30,1,2,2
BRDA:30,1,3,2
BRDA:30,1,4,2
BRDA:36,2,0,1
BRDA:36,2,1,1
BRDA:41,3,0,0
BRDA:41,3,1,1
BRDA:41,4,0,1
BRDA:41,4,1,1
BRDA:62,5,0,1
BRDA:62,5,1,1
BRF:15
BRH:14
end_of_record
TN:
SF:database\db.js
FNF:0
FNH:0
DA:3,4
LF:1
LH:1
BRF:0
BRH:0
end_of_record
TN:
SF:models\OrderModel.js
FNF:0
FNH:0
DA:6,1
DA:62,1
DA:63,1
LF:3
LH:3
BRF:0
BRH:0
end_of_record
TN:
SF:models\UserModel.js
FNF:0
FNH:0
DA:4,3
LF:1
LH:1
BRF:0
BRH:0
end_of_record
TN:
SF:models\WorkModel.js
FNF:0
FNH:0
DA:4,2
LF:1
LH:1
BRF:0
BRH:0
end_of_record
