TN:
SF:controllers\AuthController.js
FN:10,(anonymous_0)
FN:35,(anonymous_1)
FN:76,(anonymous_2)
FNF:3
FNH:3
FNDA:1,(anonymous_0)
FNDA:1,(anonymous_1)
FNDA:1,(anonymous_2)
DA:6,1
DA:10,1
DA:11,1
DA:13,1
DA:14,0
DA:17,1
DA:18,1
DA:19,0
DA:22,1
DA:23,0
DA:26,1
DA:27,1
DA:28,0
DA:31,1
DA:35,1
DA:36,1
DA:38,1
DA:39,1
DA:40,0
DA:43,1
DA:45,1
DA:46,1
DA:47,0
DA:50,1
DA:52,1
DA:54,1
DA:60,1
DA:71,0
DA:76,1
DA:77,1
DA:79,1
DA:80,1
DA:81,1
DA:83,1
DA:84,1
DA:86,1
DA:92,1
DA:104,0
DA:105,0
LF:39
LH:30
BRDA:13,0,0,0
BRDA:13,0,1,1
BRDA:13,1,0,1
BRDA:13,1,1,1
BRDA:13,1,2,1
BRDA:18,2,0,0
BRDA:18,2,1,1
BRDA:18,3,0,1
BRDA:18,3,1,1
BRDA:22,4,0,0
BRDA:22,4,1,1
BRDA:22,5,0,1
BRDA:22,5,1,1
BRDA:22,5,2,1
BRDA:27,6,0,0
BRDA:27,6,1,1
BRDA:39,7,0,0
BRDA:39,7,1,1
BRDA:46,8,0,0
BRDA:46,8,1,1
BRDA:81,9,0,0
BRDA:81,9,1,1
BRDA:84,10,0,0
BRDA:84,10,1,1
BRF:24
BRH:16
end_of_record
TN:
SF:controllers\UserController.js
FN:5,(anonymous_0)
FN:15,(anonymous_1)
FN:29,(anonymous_2)
FN:39,(anonymous_3)
FN:100,(anonymous_4)
FNF:5
FNH:2
FNDA:0,(anonymous_0)
FNDA:0,(anonymous_1)
FNDA:0,(anonymous_2)
FNDA:1,(anonymous_3)
FNDA:2,(anonymous_4)
DA:5,1
DA:6,0
DA:7,0
DA:8,0
DA:10,0
DA:15,1
DA:16,0
DA:17,0
DA:18,0
DA:21,0
DA:22,0
DA:24,0
DA:29,1
DA:30,0
DA:31,0
DA:32,0
DA:34,0
DA:39,1
DA:40,1
DA:42,1
DA:43,0
DA:46,1
DA:47,1
DA:50,1
DA:51,1
DA:54,1
DA:55,1
DA:57,1
DA:58,1
DA:61,0
DA:62,0
DA:66,1
DA:67,0
DA:70,1
DA:74,1
DA:75,0
DA:76,0
DA:77,0
DA:79,0
DA:83,1
DA:87,1
DA:93,0
DA:94,0
DA:100,1
DA:101,2
DA:103,2
DA:104,1
DA:108,1
DA:110,1
DA:111,0
DA:114,1
DA:116,0
LF:52
LH:26
BRDA:17,0,0,0
BRDA:17,0,1,0
BRDA:42,1,0,0
BRDA:42,1,1,1
BRDA:50,2,0,1
BRDA:50,2,1,0
BRDA:54,3,0,1
BRDA:54,3,1,0
BRDA:54,4,0,1
BRDA:54,4,1,1
BRDA:66,5,0,0
BRDA:66,5,1,1
BRDA:74,6,0,0
BRDA:74,6,1,1
BRDA:76,7,0,0
BRDA:76,7,1,0
BRDA:103,8,0,1
BRDA:103,8,1,1
BRDA:110,9,0,0
BRDA:110,9,1,1
BRF:20
BRH:10
end_of_record
TN:
SF:database\db.js
FNF:0
FNH:0
DA:3,2
LF:1
LH:1
BRF:0
BRH:0
end_of_record
TN:
SF:models\UserModel.js
FNF:0
FNH:0
DA:4,2
LF:1
LH:1
BRF:0
BRH:0
end_of_record
